#-----------------------------------------------------------
# Vivado v2023.1.1 (64-bit)
# SW Build 3900603 on Fri Jun 16 19:31:24 MDT 2023
# IP Build 3900379 on Sat Jun 17 05:28:05 MDT 2023
# SharedData Build 3899622 on Fri Jun 16 03:34:24 MDT 2023
# Start of session at: Fri Dec  1 16:03:15 2023
# Process ID: 23592
# Current directory: C:/Users/jojackm/Documents/project-main/Vivado/Project
# Command line: vivado.exe -gui_launcher_event rodinguilauncherevent5092 C:\Users\jojackm\Documents\project-main\Vivado\Project\Project.xpr
# Log file: C:/Users/jojackm/Documents/project-main/Vivado/Project/vivado.log
# Journal file: C:/Users/jojackm/Documents/project-main/Vivado/Project\vivado.jou
# Running On: CEAT-ENDV350-12, OS: Windows, CPU Frequency: 2496 MHz, CPU Physical cores: 8, Host memory: 68431 MB
#-----------------------------------------------------------
start_gui
open_project C:/Users/jojackm/Documents/project-main/Vivado/Project/Project.xpr
WARNING: [Board 49-26] cannot add Board Part xilinx.com:vek280_es:part0:1.0 available at C:/Xilinx/Vivado/2023.1/data/xhub/boards/XilinxBoardStore/boards/Xilinx/vek280/es/rev_a/1.0/board.xml as part xcve2802-vsvh1760-2lp-e-s-es1 specified in board_part file is either invalid or not available
WARNING: [Board 49-26] cannot add Board Part xilinx.com:vek280_es:part0:1.1 available at C:/Xilinx/Vivado/2023.1/data/xhub/boards/XilinxBoardStore/boards/Xilinx/vek280/es/rev_a/1.1/board.xml as part xcve2802-vsvh1760-2lp-e-s-es1 specified in board_part file is either invalid or not available
WARNING: [Board 49-26] cannot add Board Part xilinx.com:vek280_es_revb:part0:1.0 available at C:/Xilinx/Vivado/2023.1/data/xhub/boards/XilinxBoardStore/boards/Xilinx/vek280/es/rev_b/1.0/board.xml as part xcve2802-vsvh1760-2mp-e-s-es1 specified in board_part file is either invalid or not available
WARNING: [Board 49-26] cannot add Board Part xilinx.com:vek280_es_revb:part0:1.1 available at C:/Xilinx/Vivado/2023.1/data/xhub/boards/XilinxBoardStore/boards/Xilinx/vek280/es/rev_b/1.1/board.xml as part xcve2802-vsvh1760-2mp-e-s-es1 specified in board_part file is either invalid or not available
WARNING: [Board 49-26] cannot add Board Part xilinx.com:vhk158_es:part0:1.0 available at C:/Xilinx/Vivado/2023.1/data/xhub/boards/XilinxBoardStore/boards/Xilinx/vhk158/es/1.0/board.xml as part xcvh1582-vsva3697-2mp-e-s-es1 specified in board_part file is either invalid or not available
WARNING: [Board 49-26] cannot add Board Part xilinx.com:vhk158_es:part0:1.1 available at C:/Xilinx/Vivado/2023.1/data/xhub/boards/XilinxBoardStore/boards/Xilinx/vhk158/es/1.1/board.xml as part xcvh1582-vsva3697-2mp-e-s-es1 specified in board_part file is either invalid or not available
WARNING: [Board 49-26] cannot add Board Part xilinx.com:vpk120_es:part0:1.2 available at C:/Xilinx/Vivado/2023.1/data/xhub/boards/XilinxBoardStore/boards/Xilinx/vpk120/es/1.2/board.xml as part xcvp1202-vsva2785-2mp-e-s-es1 specified in board_part file is either invalid or not available
WARNING: [Board 49-26] cannot add Board Part xilinx.com:vpk120_es:part0:1.3 available at C:/Xilinx/Vivado/2023.1/data/xhub/boards/XilinxBoardStore/boards/Xilinx/vpk120/es/1.3/board.xml as part xcvp1202-vsva2785-2mp-e-s-es1 specified in board_part file is either invalid or not available
WARNING: [Board 49-26] cannot add Board Part xilinx.com:vpk120_es_revb:part0:1.0 available at C:/Xilinx/Vivado/2023.1/data/xhub/boards/XilinxBoardStore/boards/Xilinx/vpk120_revb/es/1.0/board.xml as part xcvp1202-vsva2785-2mp-e-s-es1 specified in board_part file is either invalid or not available
WARNING: [Board 49-26] cannot add Board Part xilinx.com:vpk120_es_revb:part0:1.1 available at C:/Xilinx/Vivado/2023.1/data/xhub/boards/XilinxBoardStore/boards/Xilinx/vpk120_revb/es/1.1/board.xml as part xcvp1202-vsva2785-2mp-e-s-es1 specified in board_part file is either invalid or not available
WARNING: [Board 49-26] cannot add Board Part xilinx.com:vpk180_es:part0:1.0 available at C:/Xilinx/Vivado/2023.1/data/xhub/boards/XilinxBoardStore/boards/Xilinx/vpk180/es/1.0/board.xml as part xcvp1802-lsvc4072-2mp-e-s-es1 specified in board_part file is either invalid or not available
WARNING: [Board 49-26] cannot add Board Part xilinx.com:vpk180_es:part0:1.1 available at C:/Xilinx/Vivado/2023.1/data/xhub/boards/XilinxBoardStore/boards/Xilinx/vpk180/es/1.1/board.xml as part xcvp1802-lsvc4072-2mp-e-s-es1 specified in board_part file is either invalid or not available
WARNING: [Board 49-26] cannot add Board Part xilinx.com:zcu208ld:part0:2.0 available at C:/Xilinx/Vivado/2023.1/data/xhub/boards/XilinxBoardStore/boards/Xilinx/zcu208ld/production/2.0/board.xml as part xczu58dr-fsvg1517-2-i specified in board_part file is either invalid or not available
WARNING: [Board 49-26] cannot add Board Part xilinx.com:zcu216ld:part0:2.0 available at C:/Xilinx/Vivado/2023.1/data/xhub/boards/XilinxBoardStore/boards/Xilinx/zcu216ld/production/2.0/board.xml as part xczu59dr-ffvf1760-2-i specified in board_part file is either invalid or not available
WARNING: [Board 49-26] cannot add Board Part xilinx.com:zcu670:part0:2.0 available at C:/Xilinx/Vivado/2023.1/data/xhub/boards/XilinxBoardStore/boards/Xilinx/zcu670/2.0/board.xml as part xczu67dr-fsve1156-2-i specified in board_part file is either invalid or not available
WARNING: [Board 49-26] cannot add Board Part xilinx.com:zcu670ld:part0:1.0 available at C:/Xilinx/Vivado/2023.1/data/xhub/boards/XilinxBoardStore/boards/Xilinx/zcu670ld/1.0/board.xml as part xczu57dr-fsve1156-2-i specified in board_part file is either invalid or not available
INFO: [filemgmt 56-3] Default IP Output Path : Could not find the directory 'C:/Users/jojackm/Documents/project-main/Vivado/Project/Project.gen/sources_1'.
CRITICAL WARNING: [Project 1-19] Could not find the file 'C:/Users/jojackm/Documents/project-main/Vivado/Project/Project.srcs/sources_1/imports/dldfall22proj/SV/all.sv'.
CRITICAL WARNING: [Project 1-19] Could not find the file 'C:/Users/jojackm/Downloads/dldfall2022-main/Lab3/SV/clk_div.sv'.
CRITICAL WARNING: [Project 1-19] Could not find the file 'C:/Users/jojackm/Documents/project-main/Vivado/Project/Project.srcs/sources_1/imports/dldfall22proj/SV/datapath.sv'.
CRITICAL WARNING: [Project 1-19] Could not find the file 'C:/Users/jojackm/Documents/project-main/Vivado/Project/Project.srcs/sources_1/imports/dldfall22proj/SV/fsm.sv'.
CRITICAL WARNING: [Project 1-19] Could not find the file 'C:/Users/jojackm/Documents/project-main/Vivado/Project/Project.srcs/sources_1/imports/dldfall22proj/SV/mux.sv'.
CRITICAL WARNING: [Project 1-19] Could not find the file 'C:/Users/jojackm/Documents/project-main/Vivado/Project/Project.srcs/sources_1/imports/dldfall22proj/SV/register.sv'.
CRITICAL WARNING: [Project 1-19] Could not find the file 'C:/Users/jojackm/Documents/hdmi_files/hdmi_working/audio_clock_regeneration_packet.sv'.
CRITICAL WARNING: [Project 1-19] Could not find the file 'C:/Users/jojackm/Documents/hdmi_files/hdmi_working/audio_info_frame.sv'.
CRITICAL WARNING: [Project 1-19] Could not find the file 'C:/Users/jojackm/Documents/hdmi_files/hdmi_working/audio_sample_packet.sv'.
CRITICAL WARNING: [Project 1-19] Could not find the file 'C:/Users/jojackm/Documents/hdmi_files/hdmi_working/auxiliary_video_information_info_frame.sv'.
CRITICAL WARNING: [Project 1-19] Could not find the file 'C:/Users/jojackm/Documents/hdmi_files/hdmi_working/hdmi.sv'.
CRITICAL WARNING: [Project 1-19] Could not find the file 'C:/Users/jojackm/Documents/hdmi_files/hdmi_working/hdmi_top.sv'.
CRITICAL WARNING: [Project 1-19] Could not find the file 'C:/Users/jojackm/Documents/hdmi_files/hdmi_working/packet_assembler.sv'.
CRITICAL WARNING: [Project 1-19] Could not find the file 'C:/Users/jojackm/Documents/hdmi_files/hdmi_working/packet_picker.sv'.
CRITICAL WARNING: [Project 1-19] Could not find the file 'C:/Users/jojackm/Documents/hdmi_files/hdmi_working/pll.sv'.
CRITICAL WARNING: [Project 1-19] Could not find the file 'C:/Users/jojackm/Documents/hdmi_files/hdmi_working/serializer.sv'.
CRITICAL WARNING: [Project 1-19] Could not find the file 'C:/Users/jojackm/Documents/hdmi_files/hdmi_working/source_product_description_info_frame.sv'.
CRITICAL WARNING: [Project 1-19] Could not find the file 'C:/Users/jojackm/Documents/hdmi_files/hdmi_working/tmds_channel.sv'.
CRITICAL WARNING: [Project 1-19] Could not find the file 'C:/Users/jojackm/Documents/hdmi_files/hdmi_working/attributemap.sv'.
CRITICAL WARNING: [Project 1-19] Could not find the file 'C:/Users/jojackm/Documents/hdmi_files/hdmi_working/console.sv'.
CRITICAL WARNING: [Project 1-19] Could not find the file 'C:/Users/jojackm/Documents/hdmi_files/hdmi_working/glyphmap.sv'.
CRITICAL WARNING: [Project 1-19] Could not find the file 'C:/Users/Downloads/hdmi_working/attributemap.sv'.
CRITICAL WARNING: [Project 1-19] Could not find the file 'C:/Users/Downloads/hdmi_working/audio_clock_regeneration_packet.sv'.
CRITICAL WARNING: [Project 1-19] Could not find the file 'C:/Users/Downloads/hdmi_working/audio_info_frame.sv'.
CRITICAL WARNING: [Project 1-19] Could not find the file 'C:/Users/Downloads/hdmi_working/audio_sample_packet.sv'.
CRITICAL WARNING: [Project 1-19] Could not find the file 'C:/Users/Downloads/hdmi_working/auxiliary_video_information_info_frame.sv'.
CRITICAL WARNING: [Project 1-19] Could not find the file 'C:/Users/Downloads/hdmi_working/console.sv'.
CRITICAL WARNING: [Project 1-19] Could not find the file 'C:/Users/Downloads/hdmi_working/glyphmap.sv'.
CRITICAL WARNING: [Project 1-19] Could not find the file 'C:/Users/Downloads/hdmi_working/hdmi.sv'.
CRITICAL WARNING: [Project 1-19] Could not find the file 'C:/Users/Downloads/hdmi_working/hdmi_top.sv'.
CRITICAL WARNING: [Project 1-19] Could not find the file 'C:/Users/Downloads/hdmi_working/packet_assembler.sv'.
CRITICAL WARNING: [Project 1-19] Could not find the file 'C:/Users/Downloads/hdmi_working/packet_picker.sv'.
CRITICAL WARNING: [Project 1-19] Could not find the file 'C:/Users/Downloads/hdmi_working/pll.sv'.
CRITICAL WARNING: [Project 1-19] Could not find the file 'C:/Users/Downloads/hdmi_working/serializer.sv'.
CRITICAL WARNING: [Project 1-19] Could not find the file 'C:/Users/Downloads/hdmi_working/source_product_description_info_frame.sv'.
CRITICAL WARNING: [Project 1-19] Could not find the file 'C:/Users/Downloads/hdmi_working/tmds_channel.sv'.
CRITICAL WARNING: [Project 1-19] Could not find the file 'C:/Users/jojackm/Documents/project-main/Demo/archive_project_summary.txt'.
Scanning sources...
Finished scanning sources
INFO: [IP_Flow 19-234] Refreshing IP repositories
INFO: [IP_Flow 19-1704] No user IP repositories specified
INFO: [IP_Flow 19-2313] Loaded Vivado IP repository 'C:/Xilinx/Vivado/2023.1/data/ip'.
open_project: Time (s): cpu = 00:00:20 ; elapsed = 00:00:09 . Memory (MB): peak = 2552.043 ; gain = 331.871
update_compile_order -fileset sources_1
rERROR: [Common 17-223INFO: [Common 17-206] Exiting Vivado at Fri Dec  1 16:04:16 2023...
Vivado/Project/Project.runs/impl_1/route_design.pb. Please check permission of the directory and existence of the file.
ERROR: [Common 17-223] Fail to read message file C:/Users/jojackm/Documents/project-main/Vivado/Project/Project.runs/impl_1/route_design.pb. Please check permission of the directory and existence of the file.
exit
INFO: [Common 17-206] Exiting Vivado at Fri Dec  1 16:04:26 2023...
